0 info it worked if it ends with ok
1 verbose cli [ '/usr/bin/node',
1 verbose cli   '/usr/bin/npm',
1 verbose cli   'install',
1 verbose cli   'server-static',
1 verbose cli   '--save' ]
2 info using npm@1.4.28
3 info using node@v0.10.32
4 verbose node symlink /usr/bin/node
5 verbose config Skipping project config: /root/.npmrc. (matches userconfig)
6 verbose cache add [ 'server-static', null ]
7 verbose cache add name=undefined spec="server-static" args=["server-static",null]
8 verbose parsed url { protocol: null,
8 verbose parsed url   slashes: null,
8 verbose parsed url   auth: null,
8 verbose parsed url   host: null,
8 verbose parsed url   port: null,
8 verbose parsed url   hostname: null,
8 verbose parsed url   hash: null,
8 verbose parsed url   search: null,
8 verbose parsed url   query: null,
8 verbose parsed url   pathname: 'server-static',
8 verbose parsed url   path: 'server-static',
8 verbose parsed url   href: 'server-static' }
9 silly lockFile ee78d15c-server-static server-static
10 verbose lock server-static /root/.npm/ee78d15c-server-static.lock
11 silly lockFile ee78d15c-server-static server-static
12 silly lockFile ee78d15c-server-static server-static
13 verbose addNamed [ 'server-static', '' ]
14 verbose addNamed [ null, '*' ]
15 silly lockFile 5d3fafed-server-static server-static@
16 verbose lock server-static@ /root/.npm/5d3fafed-server-static.lock
17 silly addNameRange { name: 'server-static', range: '*', hasData: false }
18 verbose request where is /server-static
19 verbose request registry https://registry.npmjs.org/
20 verbose request id e99ebf895bb1c69d
21 verbose url raw /server-static
22 verbose url resolving [ 'https://registry.npmjs.org/', './server-static' ]
23 verbose url resolved https://registry.npmjs.org/server-static
24 verbose request where is https://registry.npmjs.org/server-static
25 info trying registry request attempt 1 at 07:30:43
26 http GET https://registry.npmjs.org/server-static
27 http 404 https://registry.npmjs.org/server-static
28 silly registry.get cb [ 404,
28 silly registry.get   { 'content-type': 'application/json',
28 silly registry.get     'cache-control': 'max-age=0',
28 silly registry.get     'content-length': '2',
28 silly registry.get     'accept-ranges': 'bytes',
28 silly registry.get     date: 'Thu, 08 Dec 2016 12:30:44 GMT',
28 silly registry.get     via: '1.1 varnish',
28 silly registry.get     age: '0',
28 silly registry.get     connection: 'keep-alive',
28 silly registry.get     'x-served-by': 'cache-lcy1123-LCY',
28 silly registry.get     'x-cache': 'MISS',
28 silly registry.get     'x-cache-hits': '0',
28 silly registry.get     'x-timer': 'S1481200243.643520,VS0,VE603',
28 silly registry.get     vary: 'Accept-Encoding' } ]
29 silly lockFile 5d3fafed-server-static server-static@
30 silly lockFile 5d3fafed-server-static server-static@
31 error 404 Not Found
31 error 404
31 error 404 'server-static' is not in the npm registry.
31 error 404 You should bug the author to publish it
31 error 404
31 error 404 Note that you can also install from a
31 error 404 tarball, folder, or http url, or git url.
32 error System Linux 3.13.0-32-generic
33 error command "/usr/bin/node" "/usr/bin/npm" "install" "server-static" "--save"
34 error cwd /root/SERVER
35 error node -v v0.10.32
36 error npm -v 1.4.28
37 error code E404
38 verbose exit [ 1, true ]
